<?xml version="1.0" encoding="UTF-8"?>
<testng-results skipped="0" failed="0" ignored="0" total="2" passed="2">
  <reporter-output>
  </reporter-output>
  <suite name="calculatortest.CalculatorTest" duration-ms="22" started-at="2020-08-18T01:36:12Z" finished-at="2020-08-18T01:36:12Z">
    <groups>
    </groups>
    <test name="Command line test" duration-ms="22" started-at="2020-08-18T01:36:12Z" finished-at="2020-08-18T01:36:12Z">
      <class name="calculatortest.CalculatorTest">
        <test-method status="PASS" signature="addTest()[pri:0, instance:calculatortest.CalculatorTest@6b71769e]" name="addTest" duration-ms="5" started-at="2020-08-18T01:36:12Z" finished-at="2020-08-18T01:36:12Z">
          <reporter-output>
          </reporter-output>
        </test-method> <!-- addTest -->
        <test-method status="PASS" signature="deductTest()[pri:0, instance:calculatortest.CalculatorTest@6b71769e]" name="deductTest" duration-ms="1" started-at="2020-08-18T01:36:12Z" finished-at="2020-08-18T01:36:12Z">
          <reporter-output>
          </reporter-output>
        </test-method> <!-- deductTest -->
      </class> <!-- calculatortest.CalculatorTest -->
    </test> <!-- Command line test -->
  </suite> <!-- calculatortest.CalculatorTest -->
</testng-results>
